.\gradlew.bat : WARNING: A restricted 
method in java.lang.System has been called
At line:1 char:1
+ .\gradlew.bat compileDebugKotlin 2>&1 | 
Out-File -FilePath C:\Users\V ...
+ ~~~~~~~~~~~~~~~~~~~~~~~~~~~~~~~~~~~~~
    + CategoryInfo          : NotSpecifie 
   d: (WARNING: A rest...has been called  
  :String) [], RemoteException
    + FullyQualifiedErrorId : NativeComma 
   ndError
 
WARNING: java.lang.System::load has been 
called by net.rubygrapefruit.platform.inte
rnal.NativeLibraryLoader in an unnamed 
module (file:/C:/Users/VASANTH/.gradle/wra
pper/dists/gradle-8.14-bin/38aieal9i53h9rf
e7vjup95b9/gradle-8.14/lib/native-platform
-0.22-milestone-28.jar)
WARNING: Use 
--enable-native-access=ALL-UNNAMED to 
avoid a warning for callers in this module
WARNING: Restricted methods will be 
blocked in a future release unless native 
access is enabled

> Task :app:checkKotlinGradlePluginConfigurationErrors
> Task :app:preBuild UP-TO-DATE
> Task :app:preDebugBuild UP-TO-DATE
> Task :app:generateDebugResValues UP-TO-DATE
> Task :app:checkDebugAarMetadata
> Task :app:mapDebugSourceSetPaths
> Task :app:generateDebugResources UP-TO-DATE
> Task :app:packageDebugResources UP-TO-DATE
> Task :app:parseDebugLocalResources UP-TO-DATE
> Task :app:createDebugCompatibleScreenManifests UP-TO-DATE
> Task :app:extractDeepLinksDebug UP-TO-DATE
> Task :app:processDebugMainManifest
> Task :app:processDebugManifest
> Task :app:processDebugManifestForPackage
> Task :app:mergeDebugResources
> Task :app:processDebugResources

> Task :app:compileDebugKotlin FAILED
e: file:///C:/Users/VASANTH/screen/app/src
/main/java/com/example/helloworld/OverlayS
ervice.kt:44:58 Unresolved reference: 
Intent
e: file:///C:/Users/VASANTH/screen/app/src
/main/java/com/example/helloworld/OverlayS
ervice.kt:46:17 Unresolved reference: 
Intent
e: file:///C:/Users/VASANTH/screen/app/src
/main/java/com/example/helloworld/OverlayS
ervice.kt:51:17 Unresolved reference: 
Intent
e: file:///C:/Users/VASANTH/screen/app/src
/main/java/com/example/helloworld/OverlayS
ervice.kt:70:33 Unresolved reference: 
Intent
e: file:///C:/Users/VASANTH/screen/app/src
/main/java/com/example/helloworld/OverlayS
ervice.kt:72:41 Unresolved reference: 
Intent
e: file:///C:/Users/VASANTH/screen/app/src
/main/java/com/example/helloworld/OverlayS
ervice.kt:107:23 Unresolved reference: 
Intent
e: file:///C:/Users/VASANTH/screen/app/src
/main/java/com/example/helloworld/OverlayS
ervice.kt:108:23 Unresolved reference: 
Intent
e: file:///C:/Users/VASANTH/screen/app/src
/main/java/com/example/helloworld/OverlayS
ervice.kt:110:13 Unresolved reference: 
Build
e: file:///C:/Users/VASANTH/screen/app/src
/main/java/com/example/helloworld/OverlayS
ervice.kt:110:38 Unresolved reference: 
Build
e: file:///C:/Users/VASANTH/screen/app/src
/main/java/com/example/helloworld/OverlayS
ervice.kt:139:13 Unresolved reference: 
Build
e: file:///C:/Users/VASANTH/screen/app/src
/main/java/com/example/helloworld/OverlayS
ervice.kt:139:38 Unresolved reference: 
Build
e: file:///C:/Users/VASANTH/screen/app/src
/main/java/com/example/helloworld/OverlayS
ervice.kt:151:27 Unresolved reference: 
Build
e: file:///C:/Users/VASANTH/screen/app/src
/main/java/com/example/helloworld/OverlayS
ervice.kt:151:52 Unresolved reference: 
Build
e: file:///C:/Users/VASANTH/screen/app/src
/main/java/com/example/helloworld/OverlayS
ervice.kt:175:18 Unresolved reference: 
GradientDrawable
e: file:///C:/Users/VASANTH/screen/app/src
/main/java/com/example/helloworld/OverlayS
ervice.kt:176:13 Unresolved reference: 
cornerRadius
e: file:///C:/Users/VASANTH/screen/app/src
/main/java/com/example/helloworld/OverlayS
ervice.kt:177:13 Unresolved reference: 
setColor
e: file:///C:/Users/VASANTH/screen/app/src
/main/java/com/example/helloworld/OverlayS
ervice.kt:178:13 Unresolved reference: 
setStroke
e: file:///C:/Users/VASANTH/screen/app/src
/main/java/com/example/helloworld/OverlayS
ervice.kt:178:34 Unresolved reference: 
Color
e: file:///C:/Users/VASANTH/screen/app/src
/main/java/com/example/helloworld/OverlayS
ervice.kt:191:25 Unresolved reference: 
GradientDrawable
e: file:///C:/Users/VASANTH/screen/app/src
/main/java/com/example/helloworld/OverlayS
ervice.kt:192:17 Unresolved reference: 
shape
e: file:///C:/Users/VASANTH/screen/app/src
/main/java/com/example/helloworld/OverlayS
ervice.kt:192:25 Unresolved reference: 
GradientDrawable
e: file:///C:/Users/VASANTH/screen/app/src
/main/java/com/example/helloworld/OverlayS
ervice.kt:193:17 Unresolved reference: 
setColor
e: file:///C:/Users/VASANTH/screen/app/src
/main/java/com/example/helloworld/OverlayS
ervice.kt:193:26 Unresolved reference: 
Color
e: file:///C:/Users/VASANTH/screen/app/src
/main/java/com/example/helloworld/OverlayS
ervice.kt:225:17 Unresolved reference: 
Build
e: file:///C:/Users/VASANTH/screen/app/src
/main/java/com/example/helloworld/OverlayS
ervice.kt:225:42 Unresolved reference: 
Build
e: file:///C:/Users/VASANTH/screen/app/src
/main/java/com/example/helloworld/OverlayS
ervice.kt:231:13 Unresolved reference: 
PixelFormat
e: file:///C:/Users/VASANTH/screen/app/src
/main/java/com/example/helloworld/OverlayS
ervice.kt:269:51 Unresolved reference: 
GradientDrawable
e: file:///C:/Users/VASANTH/screen/app/src
/main/java/com/example/helloworld/OverlayS
ervice.kt:274:29 Variable expected
e: file:///C:/Users/VASANTH/screen/app/src
/main/java/com/example/helloworld/OverlayS
ervice.kt:274:37 Unresolved reference: 
GradientDrawable
e: file:///C:/Users/VASANTH/screen/app/src
/main/java/com/example/helloworld/OverlayS
ervice.kt:275:29 Variable expected
e: file:///C:/Users/VASANTH/screen/app/src
/main/java/com/example/helloworld/OverlayS
ervice.kt:278:29 Variable expected
e: file:///C:/Users/VASANTH/screen/app/src
/main/java/com/example/helloworld/OverlayS
ervice.kt:278:37 Unresolved reference: 
GradientDrawable
e: file:///C:/Users/VASANTH/screen/app/src
/main/java/com/example/helloworld/OverlayS
ervice.kt:279:29 Variable expected
e: file:///C:/Users/VASANTH/screen/app/src
/main/java/com/example/helloworld/OverlayS
ervice.kt:343:44 Unresolved reference: 
Color
e: file:///C:/Users/VASANTH/screen/app/src
/main/java/com/example/helloworld/OverlayS
ervice.kt:344:45 Unresolved reference: 
Color
e: file:///C:/Users/VASANTH/screen/app/src
/main/java/com/example/helloworld/OverlayS
ervice.kt:345:33 Unresolved reference: 
Color
e: file:///C:/Users/VASANTH/screen/app/src
/main/java/com/example/helloworld/OverlayS
ervice.kt:350:25 Unresolved reference: 
Color
e: file:///C:/Users/VASANTH/screen/app/src
/main/java/com/example/helloworld/OverlayS
ervice.kt:383:19 Unresolved reference: 
Color
e: file:///C:/Users/VASANTH/screen/app/src
/main/java/com/example/helloworld/OverlayS
ervice.kt:385:16 Unresolved reference: 
Color
e: file:///C:/Users/VASANTH/screen/app/src
/main/java/com/example/helloworld/OverlayS
ervice.kt:385:30 Unresolved reference: 
Color
e: file:///C:/Users/VASANTH/screen/app/src
/main/java/com/example/helloworld/OverlayS
ervice.kt:385:46 Unresolved reference: 
Color
e: file:///C:/Users/VASANTH/screen/app/src
/main/java/com/example/helloworld/OverlayS
ervice.kt:385:64 Unresolved reference: 
Color
e: file:///C:/Users/VASANTH/screen/app/src
/main/java/com/example/helloworld/OverlayS
ervice.kt:389:16 Unresolved reference: 
Color
e: file:///C:/Users/VASANTH/screen/app/src
/main/java/com/example/helloworld/OverlayS
ervice.kt:440:38 Unresolved reference: 
Intent
e: file:///C:/Users/VASANTH/screen/app/src
/main/java/com/example/helloworld/OverlayS
ervice.kt:441:29 Unresolved reference: 
addFlags
e: file:///C:/Users/VASANTH/screen/app/src
/main/java/com/example/helloworld/OverlayS
ervice.kt:441:38 Unresolved reference: 
Intent
e: file:///C:/Users/VASANTH/screen/app/src
/main/java/com/example/helloworld/OverlayS
ervice.kt:441:71 Unresolved reference: 
Intent

[Incubating] Problems report is available at: file:///C:/Users/VASANTH/screen/build/reports/problems/problems-report.html

FAILURE: Build failed with an exception.

* What went wrong:
Execution failed for task 
':app:compileDebugKotlin'.
> A failure occurred while executing org.j
etbrains.kotlin.compilerRunner.GradleCompi
lerRunnerWithWorkers$GradleKotlinCompilerW
orkAction
   > Compilation error. See log for more 
details

* Try:
> Run with --stacktrace option to get the 
stack trace.
> Run with --info or --debug option to 
get more log output.
> Run with --scan to get full insights.
> Get more help at 
https://help.gradle.org.

Deprecated Gradle features were used in this build, making it incompatible with Gradle 9.0.


BUILD FAILED in 8s
You can use '--warning-mode all' to show the individual deprecation warnings and determine if they come from your own scripts or plugins.

For more on this, please refer to https://docs.gradle.org/8.14/userguide/command_line_interface.html#sec:command_line_warnings in the Gradle documentation.
14 actionable tasks: 9 executed, 5 up-to-date
