.\gradlew.bat : WARNING: A restricted 
method in java.lang.System has been called
At line:1 char:1
+ .\gradlew.bat compileDebugKotlin 2>&1 | 
Out-File -FilePath C:\Users\V ...
+ ~~~~~~~~~~~~~~~~~~~~~~~~~~~~~~~~~~~~~
    + CategoryInfo          : NotSpecifie 
   d: (WARNING: A rest...has been called  
  :String) [], RemoteException
    + FullyQualifiedErrorId : NativeComma 
   ndError
 
WARNING: java.lang.System::load has been 
called by net.rubygrapefruit.platform.inte
rnal.NativeLibraryLoader in an unnamed 
module (file:/C:/Users/VASANTH/.gradle/wra
pper/dists/gradle-8.14-bin/38aieal9i53h9rf
e7vjup95b9/gradle-8.14/lib/native-platform
-0.22-milestone-28.jar)
WARNING: Use 
--enable-native-access=ALL-UNNAMED to 
avoid a warning for callers in this module
WARNING: Restricted methods will be 
blocked in a future release unless native 
access is enabled

> Task :app:checkKotlinGradlePluginConfigurationErrors
> Task :app:preBuild UP-TO-DATE
> Task :app:preDebugBuild UP-TO-DATE
> Task :app:checkDebugAarMetadata UP-TO-DATE
> Task :app:generateDebugResValues UP-TO-DATE
> Task :app:mapDebugSourceSetPaths UP-TO-DATE
> Task :app:generateDebugResources UP-TO-DATE
> Task :app:mergeDebugResources UP-TO-DATE
> Task :app:packageDebugResources UP-TO-DATE
> Task :app:parseDebugLocalResources UP-TO-DATE
> Task :app:createDebugCompatibleScreenManifests UP-TO-DATE
> Task :app:extractDeepLinksDebug UP-TO-DATE
> Task :app:processDebugMainManifest UP-TO-DATE
> Task :app:processDebugManifest UP-TO-DATE
> Task :app:processDebugManifestForPackage UP-TO-DATE
> Task :app:processDebugResources UP-TO-DATE

> Task :app:compileDebugKotlin FAILED
e: file:///C:/Users/VASANTH/screen/app/src
/main/java/com/example/helloworld/OverlayS
ervice.kt:76:5 'onBind' overrides nothing

[Incubating] Problems report is available at: file:///C:/Users/VASANTH/screen/build/reports/problems/problems-report.html

FAILURE: Build failed with an exception.

* What went wrong:
Execution failed for task 
':app:compileDebugKotlin'.
> A failure occurred while executing org.j
etbrains.kotlin.compilerRunner.GradleCompi
lerRunnerWithWorkers$GradleKotlinCompilerW
orkAction
   > Compilation error. See log for more 
details

* Try:
> Run with --stacktrace option to get the 
stack trace.
> Run with --info or --debug option to 
get more log output.
> Run with --scan to get full insights.
> Get more help at 
https://help.gradle.org.

Deprecated Gradle features were used in this build, making it incompatible with Gradle 9.0.

You can use '--warning-mode all' to show the individual deprecation warnings and determine if they come from your own scripts or plugins.

For more on this, please refer to https://docs.gradle.org/8.14/userguide/command_line_interface.html#sec:command_line_warnings in the Gradle documentation.

BUILD FAILED in 2s
14 actionable tasks: 2 executed, 12 up-to-date
